[0m2021.07.21 14:07:28 INFO  Started: Metals version 0.10.5 in workspace 'C:\wamp64\www\CommunityRetreat\Group-16' for client Visual Studio Code 1.58.2.[0m
[0m2021.07.21 14:07:29 INFO  time: initialize in 0.89s[0m
[0m2021.07.21 14:07:31 WARN  Build server is not auto-connectable.[0m
[0m2021.07.21 14:07:31 WARN  no build tool detected in workspace 'C:\wamp64\www\CommunityRetreat\Group-16'. The most common cause for this problem is that the editor was opened in the wrong working directory, for example if you use sbt then the workspace directory should contain build.sbt. [0m
[0m2021.07.23 12:05:02 INFO  Started: Metals version 0.10.5 in workspace 'C:\wamp64\www\CommunityRetreat\Group-16' for client Visual Studio Code 1.58.2.[0m
[0m2021.07.23 12:05:03 INFO  time: initialize in 0.43s[0m
[0m2021.07.23 12:05:08 WARN  Build server is not auto-connectable.[0m
[0m2021.07.23 12:05:08 WARN  no build tool detected in workspace 'C:\wamp64\www\CommunityRetreat\Group-16'. The most common cause for this problem is that the editor was opened in the wrong working directory, for example if you use sbt then the workspace directory should contain build.sbt. [0m
[0m2021.07.23 15:38:16 INFO  Started: Metals version 0.10.5 in workspace 'C:\wamp64\www\CommunityRetreat\Group-16' for client Visual Studio Code 1.58.2.[0m
[0m2021.07.23 15:38:17 INFO  time: initialize in 0.62s[0m
[0m2021.07.23 15:38:22 WARN  Build server is not auto-connectable.[0m
[0m2021.07.23 15:38:22 WARN  no build tool detected in workspace 'C:\wamp64\www\CommunityRetreat\Group-16'. The most common cause for this problem is that the editor was opened in the wrong working directory, for example if you use sbt then the workspace directory should contain build.sbt. [0m
[0m2021.07.23 20:25:58 INFO  Started: Metals version 0.10.5 in workspace 'C:\wamp64\www\CommunityRetreat\Group-16' for client Visual Studio Code 1.58.2.[0m
[0m2021.07.23 20:25:58 INFO  time: initialize in 0.52s[0m
[0m2021.07.23 20:26:03 WARN  Build server is not auto-connectable.[0m
[0m2021.07.23 20:26:03 WARN  no build tool detected in workspace 'C:\wamp64\www\CommunityRetreat\Group-16'. The most common cause for this problem is that the editor was opened in the wrong working directory, for example if you use sbt then the workspace directory should contain build.sbt. [0m
[0m2021.07.23 23:42:50 INFO  Started: Metals version 0.10.5 in workspace 'C:\wamp64\www\CommunityRetreat\Group-16' for client Visual Studio Code 1.58.2.[0m
[0m2021.07.23 23:42:51 INFO  time: initialize in 0.59s[0m
[0m2021.07.23 23:42:57 WARN  Build server is not auto-connectable.[0m
[0m2021.07.23 23:42:57 WARN  no build tool detected in workspace 'C:\wamp64\www\CommunityRetreat\Group-16'. The most common cause for this problem is that the editor was opened in the wrong working directory, for example if you use sbt then the workspace directory should contain build.sbt. [0m
[0m2021.07.24 12:20:44 INFO  Started: Metals version 0.10.5 in workspace 'C:\wamp64\www\CommunityRetreat\Group-16' for client Visual Studio Code 1.58.2.[0m
[0m2021.07.24 12:20:44 INFO  time: initialize in 0.38s[0m
[0m2021.07.24 12:20:49 WARN  Build server is not auto-connectable.[0m
[0m2021.07.24 12:20:49 WARN  no build tool detected in workspace 'C:\wamp64\www\CommunityRetreat\Group-16'. The most common cause for this problem is that the editor was opened in the wrong working directory, for example if you use sbt then the workspace directory should contain build.sbt. [0m
[0m2021.07.26 21:21:53 INFO  Started: Metals version 0.10.5 in workspace 'C:\wamp64\www\CommunityRetreat\Group-16' for client Visual Studio Code 1.58.2.[0m
[0m2021.07.26 21:21:54 INFO  time: initialize in 0.64s[0m
[0m2021.07.26 21:21:59 WARN  Build server is not auto-connectable.[0m
[0m2021.07.26 21:21:59 WARN  no build tool detected in workspace 'C:\wamp64\www\CommunityRetreat\Group-16'. The most common cause for this problem is that the editor was opened in the wrong working directory, for example if you use sbt then the workspace directory should contain build.sbt. [0m
Jul 26, 2021 9:26:33 PM org.eclipse.lsp4j.jsonrpc.services.GenericEndpoint notify
INFO: Unsupported notification method: $/setTrace
[0m2021.07.27 22:14:24 INFO  Started: Metals version 0.10.5 in workspace 'C:\wamp64\www\CommunityRetreat\Group-16' for client Visual Studio Code 1.58.2.[0m
[0m2021.07.27 22:14:25 INFO  time: initialize in 0.87s[0m
[0m2021.07.27 22:14:30 WARN  Build server is not auto-connectable.[0m
[0m2021.07.27 22:14:30 WARN  no build tool detected in workspace 'C:\wamp64\www\CommunityRetreat\Group-16'. The most common cause for this problem is that the editor was opened in the wrong working directory, for example if you use sbt then the workspace directory should contain build.sbt. [0m
Jul 28, 2021 3:01:42 AM org.eclipse.lsp4j.jsonrpc.services.GenericEndpoint notify
INFO: Unsupported notification method: $/setTrace
[0m2021.07.28 15:03:05 INFO  Started: Metals version 0.10.5 in workspace 'C:\wamp64\www\CommunityRetreat\Group-16' for client Visual Studio Code 1.58.2.[0m
[0m2021.07.28 15:03:05 INFO  time: initialize in 0.73s[0m
[0m2021.07.28 15:03:11 WARN  Build server is not auto-connectable.[0m
[0m2021.07.28 15:03:11 WARN  no build tool detected in workspace 'C:\wamp64\www\CommunityRetreat\Group-16'. The most common cause for this problem is that the editor was opened in the wrong working directory, for example if you use sbt then the workspace directory should contain build.sbt. [0m
[0m2021.07.28 18:07:58 INFO  Started: Metals version 0.10.5 in workspace 'C:\wamp64\www\CommunityRetreat\Group-16' for client Visual Studio Code 1.58.2.[0m
[0m2021.07.28 18:07:59 INFO  time: initialize in 0.6s[0m
[0m2021.07.28 18:08:04 WARN  Build server is not auto-connectable.[0m
[0m2021.07.28 18:08:04 WARN  no build tool detected in workspace 'C:\wamp64\www\CommunityRetreat\Group-16'. The most common cause for this problem is that the editor was opened in the wrong working directory, for example if you use sbt then the workspace directory should contain build.sbt. [0m
[0m2021.07.28 23:23:34 INFO  Started: Metals version 0.10.5 in workspace 'C:\wamp64\www\CommunityRetreat\Group-16' for client Visual Studio Code 1.58.2.[0m
[0m2021.07.28 23:23:35 INFO  time: initialize in 0.6s[0m
[0m2021.07.28 23:23:39 WARN  Build server is not auto-connectable.[0m
[0m2021.07.28 23:23:39 WARN  no build tool detected in workspace 'C:\wamp64\www\CommunityRetreat\Group-16'. The most common cause for this problem is that the editor was opened in the wrong working directory, for example if you use sbt then the workspace directory should contain build.sbt. [0m
Jul 28, 2021 11:29:23 PM org.eclipse.lsp4j.jsonrpc.services.GenericEndpoint notify
INFO: Unsupported notification method: $/setTrace
[0m2021.07.31 10:38:15 INFO  Started: Metals version 0.10.5 in workspace 'C:\wamp64\www\CommunityRetreat\Group-16' for client Visual Studio Code 1.58.2.[0m
[0m2021.07.31 10:38:16 INFO  time: initialize in 0.47s[0m
[0m2021.07.31 10:38:22 WARN  Build server is not auto-connectable.[0m
[0m2021.07.31 10:38:22 WARN  no build tool detected in workspace 'C:\wamp64\www\CommunityRetreat\Group-16'. The most common cause for this problem is that the editor was opened in the wrong working directory, for example if you use sbt then the workspace directory should contain build.sbt. [0m
Jul 31, 2021 1:30:05 PM org.eclipse.lsp4j.jsonrpc.services.GenericEndpoint notify
INFO: Unsupported notification method: $/setTrace
[0m2021.08.01 08:30:04 INFO  Started: Metals version 0.10.5 in workspace 'C:\wamp64\www\CommunityRetreat\Group-16' for client Visual Studio Code 1.58.2.[0m
[0m2021.08.01 08:30:05 INFO  time: initialize in 0.49s[0m
[0m2021.08.01 08:30:10 WARN  Build server is not auto-connectable.[0m
[0m2021.08.01 08:30:10 WARN  no build tool detected in workspace 'C:\wamp64\www\CommunityRetreat\Group-16'. The most common cause for this problem is that the editor was opened in the wrong working directory, for example if you use sbt then the workspace directory should contain build.sbt. [0m
[0m2021.08.03 10:03:36 INFO  Started: Metals version 0.10.5 in workspace 'C:\wamp64\www\CommunityRetreat\Group-16' for client Visual Studio Code 1.58.2.[0m
[0m2021.08.03 10:03:37 INFO  time: initialize in 0.94s[0m
[0m2021.08.03 10:03:42 WARN  Build server is not auto-connectable.[0m
[0m2021.08.03 10:03:42 WARN  no build tool detected in workspace 'C:\wamp64\www\CommunityRetreat\Group-16'. The most common cause for this problem is that the editor was opened in the wrong working directory, for example if you use sbt then the workspace directory should contain build.sbt. [0m
[0m2021.08.04 18:38:31 INFO  Started: Metals version 0.10.5 in workspace 'C:\wamp64\www\CommunityRetreat\Group-16' for client Visual Studio Code 1.58.2.[0m
[0m2021.08.04 18:38:32 INFO  time: initialize in 1.25s[0m
[0m2021.08.04 18:38:40 WARN  Build server is not auto-connectable.[0m
[0m2021.08.04 18:38:40 WARN  no build tool detected in workspace 'C:\wamp64\www\CommunityRetreat\Group-16'. The most common cause for this problem is that the editor was opened in the wrong working directory, for example if you use sbt then the workspace directory should contain build.sbt. [0m
